<?xml version="1.0" encoding="UTF-8"?>
<testsuite name="challenge.SubmitTest" tests="6" skipped="0" failures="0" errors="0" timestamp="2019-02-08T22:17:56" hostname="Flavio-n4050" time="20.519">
  <properties/>
  <testcase name="q1" classname="challenge.SubmitTest" time="0.657"/>
  <testcase name="q2" classname="challenge.SubmitTest" time="0.422"/>
  <testcase name="q3" classname="challenge.SubmitTest" time="0.004"/>
  <testcase name="q4" classname="challenge.SubmitTest" time="5.746"/>
  <testcase name="q5" classname="challenge.SubmitTest" time="13.342"/>
  <testcase name="q6" classname="challenge.SubmitTest" time="0.347"/>
  <system-out><![CDATA[]]></system-out>
  <system-err><![CDATA[]]></system-err>
</testsuite>
